<?xml version="1.0" encoding="UTF-8"?>
<!DOCTYPE html PUBLIC "-//W3C//DTD XHTML 1.0 Strict//EN" "http://www.w3.org/TR/xhtml1/DTD/xhtml1-strict.dtd">
<html xmlns="http://www.w3.org/1999/xhtml">
<head>
    <title>shopxo自动化测试报告</title>
    <meta name="generator" content="HTMLTestRunner 0.9.1"/>
    <meta http-equiv="Content-Type" content="text/html; charset=UTF-8"/>
    
<style type="text/css" media="screen">
    body        { font-family: verdana, arial, helvetica, sans-serif; font-size: 80%; }
    table       { font-size: 100%; }
    pre         { white-space: pre-wrap;word-wrap: break-word; }
    /* -- heading ---------------------------------------------------------------------- */
    h1 {
        font-size: 16pt;
        color: gray;
    }
    .heading {
        margin-top: 0ex;
        margin-bottom: 1ex;
    }
    .heading .attribute {
        margin-top: 1ex;
        margin-bottom: 0;
    }
    .heading .description {
        margin-top: 2ex;
        margin-bottom: 3ex;
    }
    /* -- css div popup ------------------------------------------------------------------------ */
    a.popup_link {
    }
    a.popup_link:hover {
        color: red;
    }
    .popup_window {
        display: none;
        position: relative;
        left: 0px;
        top: 0px;
        /*border: solid #627173 1px; */
        padding: 10px;
        /*background-color: #E6E6D6; */
        font-family: "Lucida Console", "Courier New", Courier, monospace;
        text-align: left;
        font-size: 8pt;
        /* width: 500px;*/
    }
    }
    /* -- report ------------------------------------------------------------------------ */
    #show_detail_line {
        margin-top: 3ex;
        margin-bottom: 1ex;
    }
    #result_table {
        width: 99%;
    }
    #header_row {
        font-weight: bold;
        color: #303641;
        background-color: #ebebeb;
    }
    #total_row  { font-weight: bold; }
    .passClass  { background-color: #ddd; }
    .failClass  { background-color: #ddd; }
    .errorClass { background-color: #ddd; }
    .passCase   { color: #6c6; }
    .failCase   { color: #FF6600; font-weight: bold; }
    .errorCase  { color: #c00; font-weight: bold; }
    .hiddenRow  { display: none; }
    .testcase   { margin-left: 2em; }
    /* -- ending ---------------------------------------------------------------------- */
    #ending {
    }
    #div_base {
                position:absolute;
                top:0%;
                left:5%;
                right:5%;
                width: auto;
                height: auto;
                margin: -15px 0 0 0;
    }
</style>

    <link href="http://cdn.bootcss.com/bootstrap/3.3.0/css/bootstrap.min.css" rel="stylesheet">
    <script src="https://cdn.bootcss.com/echarts/3.8.5/echarts.common.min.js"></script>
    <!-- <script type="text/javascript" src="js/echarts.common.min.js"></script> -->
</head>
<body>
    <script language="javascript" type="text/javascript"><!--
    output_list = Array();
    /* level - 0:Summary; 1:Failed; 2:All */
    function showCase(level) {
        trs = document.getElementsByTagName("tr");
        for (var i = 0; i < trs.length; i++) {
            tr = trs[i];
            id = tr.id;
            if (id.substr(0,2) == 'ft') {
                if (level < 1) {
                    tr.className = 'hiddenRow';
                }
                else {
                    tr.className = '';
                }
            }
            if (id.substr(0,2) == 'pt') {
                if (level > 1) {
                    tr.className = '';
                }
                else {
                    tr.className = 'hiddenRow';
                }
            }
        }
    }
    function showClassDetail(cid, count) {
        var id_list = Array(count);
        var toHide = 1;
        for (var i = 0; i < count; i++) {
            tid0 = 't' + cid.substr(1) + '.' + (i+1);
            tid = 'f' + tid0;
            tr = document.getElementById(tid);
            if (!tr) {
                tid = 'p' + tid0;
                tr = document.getElementById(tid);
            }
            id_list[i] = tid;
            if (tr.className) {
                toHide = 0;
            }
        }
        for (var i = 0; i < count; i++) {
            tid = id_list[i];
            if (toHide) {
                document.getElementById('div_'+tid).style.display = 'none'
                document.getElementById(tid).className = 'hiddenRow';
            }
            else {
                document.getElementById(tid).className = '';
            }
        }
    }
    function showTestDetail(div_id){
        var details_div = document.getElementById(div_id)
        var displayState = details_div.style.display
        // alert(displayState)
        if (displayState != 'block' ) {
            displayState = 'block'
            details_div.style.display = 'block'
        }
        else {
            details_div.style.display = 'none'
        }
    }
    function html_escape(s) {
        s = s.replace(/&/g,'&amp;');
        s = s.replace(/</g,'&lt;');
        s = s.replace(/>/g,'&gt;');
        return s;
    }
    /* obsoleted by detail in <div>
    function showOutput(id, name) {
        var w = window.open("", //url
                        name,
                        "resizable,scrollbars,status,width=800,height=450");
        d = w.document;
        d.write("<pre>");
        d.write(html_escape(output_list[id]));
        d.write("\n");
        d.write("<a href='javascript:window.close()'>close</a>\n");
        d.write("</pre>\n");
        d.close();
    }
    */
    --></script>
    <div id="div_base">
        
    <div class='page-header'>
        <h1>shopxo自动化测试报告</h1>
    <p class='attribute'><strong>开始时间:</strong> 2021-02-24 15:30:29</p>
<p class='attribute'><strong>运行时长:</strong> 0:00:41.859361</p>
<p class='attribute'><strong>状态:</strong> 通过 2 错误 5</p>

    </div>
    <div style="float: left;width:50%;"><p class='description'>这是第一次实现web自动化测试</p></div>
    <div id="chart" style="width:50%;height:400px;float:left;"></div>

        
    <div class="btn-group btn-group-sm">
        <button class="btn btn-default" onclick='javascript:showCase(0)'>总结</button>
        <button class="btn btn-default" onclick='javascript:showCase(1)'>失败</button>
        <button class="btn btn-default" onclick='javascript:showCase(2)'>全部</button>
    </div>
    <p></p>
    <table id='result_table' class="table table-bordered">
        <colgroup>
            <col align='left' />
            <col align='right' />
            <col align='right' />
            <col align='right' />
            <col align='right' />
            <col align='right' />
        </colgroup>
        <tr id='header_row'>
            <td>测试套件/测试用例</td>
            <td>总数</td>
            <td>通过</td>
            <td>失败</td>
            <td>错误</td>
            <td>查看</td>
        </tr>
        
    <tr class='errorClass'>
        <td>test_01_index.TestCaseIndex</td>
        <td>2</td>
        <td>0</td>
        <td>0</td>
        <td>2</td>
        <td><a href="javascript:showClassDetail('c1',2)">详情</a></td>
    </tr>

<tr id='ft1.1' class='none'>
    <td class='errorCase'><div class='testcase'>test_01_search</div></td>
    <td colspan='5' align='center'>
    <!--css div popup start-->
    <a class="popup_link" onfocus='this.blur();' href="javascript:showTestDetail('div_ft1.1')" >
        错误</a>
    <div id='div_ft1.1' class="popup_window">
        <pre>
        ft1.1: 开始
结束
Traceback (most recent call last):
  File "D:\27\UnittestTest\case\test_01_index.py", line 35, in test_01_search
    self.driver.find_element_by_id('search-input').send_keys('包包')
  File "C:\Users\jssy\AppData\Local\Programs\Python\Python38\lib\site-packages\selenium\webdriver\remote\webdriver.py", line 360, in find_element_by_id
    return self.find_element(by=By.ID, value=id_)
  File "C:\Users\jssy\AppData\Local\Programs\Python\Python38\lib\site-packages\selenium\webdriver\remote\webdriver.py", line 976, in find_element
    return self.execute(Command.FIND_ELEMENT, {
  File "C:\Users\jssy\AppData\Local\Programs\Python\Python38\lib\site-packages\selenium\webdriver\remote\webdriver.py", line 321, in execute
    self.error_handler.check_response(response)
  File "C:\Users\jssy\AppData\Local\Programs\Python\Python38\lib\site-packages\selenium\webdriver\remote\errorhandler.py", line 242, in check_response
    raise exception_class(message, screen, stacktrace)
selenium.common.exceptions.NoSuchElementException: Message: no such element: Unable to locate element: {"method":"css selector","selector":"[id="search-input"]"}
  (Session info: chrome=88.0.4324.182)


        </pre>
    </div>
    <!--css div popup end-->
    </td>
</tr>

<tr id='ft1.2' class='none'>
    <td class='errorCase'><div class='testcase'>test_02_check_price</div></td>
    <td colspan='5' align='center'>
    <!--css div popup start-->
    <a class="popup_link" onfocus='this.blur();' href="javascript:showTestDetail('div_ft1.2')" >
        错误</a>
    <div id='div_ft1.2' class="popup_window">
        <pre>
        ft1.2: 开始
结束
Traceback (most recent call last):
  File "D:\27\UnittestTest\case\test_01_index.py", line 45, in test_02_check_price
    e = self.driver.find_element_by_xpath('//*[@id="floor1"]/div[2]/div[2]/div[1]/div/p')
  File "C:\Users\jssy\AppData\Local\Programs\Python\Python38\lib\site-packages\selenium\webdriver\remote\webdriver.py", line 394, in find_element_by_xpath
    return self.find_element(by=By.XPATH, value=xpath)
  File "C:\Users\jssy\AppData\Local\Programs\Python\Python38\lib\site-packages\selenium\webdriver\remote\webdriver.py", line 976, in find_element
    return self.execute(Command.FIND_ELEMENT, {
  File "C:\Users\jssy\AppData\Local\Programs\Python\Python38\lib\site-packages\selenium\webdriver\remote\webdriver.py", line 321, in execute
    self.error_handler.check_response(response)
  File "C:\Users\jssy\AppData\Local\Programs\Python\Python38\lib\site-packages\selenium\webdriver\remote\errorhandler.py", line 242, in check_response
    raise exception_class(message, screen, stacktrace)
selenium.common.exceptions.NoSuchElementException: Message: no such element: Unable to locate element: {"method":"xpath","selector":"//*[@id="floor1"]/div[2]/div[2]/div[1]/div/p"}
  (Session info: chrome=88.0.4324.182)


        </pre>
    </div>
    <!--css div popup end-->
    </td>
</tr>

    <tr class='passClass'>
        <td>test_02_login.TestCaseIndex</td>
        <td>2</td>
        <td>2</td>
        <td>0</td>
        <td>0</td>
        <td><a href="javascript:showClassDetail('c2',2)">详情</a></td>
    </tr>

<tr id='pt2.1' class='hiddenRow'>
    <td class='none'><div class='testcase'>test_01_login_success</div></td>
    <td colspan='5' align='center'>
    <!--css div popup start-->
    <a class="popup_link" onfocus='this.blur();' href="javascript:showTestDetail('div_pt2.1')" >
        通过</a>
    <div id='div_pt2.1' class="popup_window">
        <pre>
        pt2.1: 登录代码

        </pre>
    </div>
    <!--css div popup end-->
    </td>
</tr>

<tr id='pt2.2' class='hiddenRow'>
    <td class='none'><div class='testcase'>test_02_login_failed</div></td>
    <td colspan='5' align='center'>
    <!--css div popup start-->
    <a class="popup_link" onfocus='this.blur();' href="javascript:showTestDetail('div_pt2.2')" >
        通过</a>
    <div id='div_pt2.2' class="popup_window">
        <pre>
        pt2.2: 这是登录失败的测试用例

        </pre>
    </div>
    <!--css div popup end-->
    </td>
</tr>

    <tr class='errorClass'>
        <td>unittest.loader._FailedTest</td>
        <td>1</td>
        <td>0</td>
        <td>0</td>
        <td>1</td>
        <td><a href="javascript:showClassDetail('c3',1)">详情</a></td>
    </tr>

<tr id='ft3.1' class='none'>
    <td class='errorCase'><div class='testcase'>test_03_goods</div></td>
    <td colspan='5' align='center'>
    <!--css div popup start-->
    <a class="popup_link" onfocus='this.blur();' href="javascript:showTestDetail('div_ft3.1')" >
        错误</a>
    <div id='div_ft3.1' class="popup_window">
        <pre>
        ft3.1: ImportError: Failed to import test module: test_03_goods
Traceback (most recent call last):
  File "C:\Users\jssy\AppData\Local\Programs\Python\Python38\lib\unittest\loader.py", line 436, in _find_test_path
    module = self._get_module_from_name(name)
  File "C:\Users\jssy\AppData\Local\Programs\Python\Python38\lib\unittest\loader.py", line 377, in _get_module_from_name
    __import__(name)
  File "D:\27\UnittestTest\case\test_03_goods.py", line 4, in &lt;module&gt;
    from utils import cookie
ImportError: cannot import name 'cookie' from 'utils' (d:\27\UnittestTest\utils\__init__.py)


        </pre>
    </div>
    <!--css div popup end-->
    </td>
</tr>

    <tr class='errorClass'>
        <td>test_04_admin_login.TestCaseAdminLogin</td>
        <td>2</td>
        <td>0</td>
        <td>0</td>
        <td>2</td>
        <td><a href="javascript:showClassDetail('c4',2)">详情</a></td>
    </tr>

<tr id='ft4.1' class='none'>
    <td class='errorCase'><div class='testcase'>test_01_login_failed</div></td>
    <td colspan='5' align='center'>
    <!--css div popup start-->
    <a class="popup_link" onfocus='this.blur();' href="javascript:showTestDetail('div_ft4.1')" >
        错误</a>
    <div id='div_ft4.1' class="popup_window">
        <pre>
        ft4.1: Traceback (most recent call last):
  File "D:\27\UnittestTest\case\test_04_admin_login.py", line 22, in test_01_login_failed
    self.admin_login_page.login("admin", "123456")
  File "d:\27\UnittestTest\po\AdminLoginPage.py", line 26, in login
    find_element(self.driver,self.username).send_keys(username)
  File "d:\27\UnittestTest\utils\seleniumtools.py", line 23, in find_element
    return WebDriverWait(driver, timeout).until(lambda s: s.find_element(*locator))
  File "C:\Users\jssy\AppData\Local\Programs\Python\Python38\lib\site-packages\selenium\webdriver\support\wait.py", line 71, in until
    value = method(self._driver)
  File "d:\27\UnittestTest\utils\seleniumtools.py", line 23, in &lt;lambda&gt;
    return WebDriverWait(driver, timeout).until(lambda s: s.find_element(*locator))
  File "C:\Users\jssy\AppData\Local\Programs\Python\Python38\lib\site-packages\selenium\webdriver\remote\webdriver.py", line 976, in find_element
    return self.execute(Command.FIND_ELEMENT, {
  File "C:\Users\jssy\AppData\Local\Programs\Python\Python38\lib\site-packages\selenium\webdriver\remote\webdriver.py", line 321, in execute
    self.error_handler.check_response(response)
  File "C:\Users\jssy\AppData\Local\Programs\Python\Python38\lib\site-packages\selenium\webdriver\remote\errorhandler.py", line 242, in check_response
    raise exception_class(message, screen, stacktrace)
selenium.common.exceptions.WebDriverException: Message: chrome not reachable
  (Session info: chrome=88.0.4324.182)


        </pre>
    </div>
    <!--css div popup end-->
    </td>
</tr>

<tr id='ft4.2' class='none'>
    <td class='errorCase'><div class='testcase'>test_02_login_success</div></td>
    <td colspan='5' align='center'>
    <!--css div popup start-->
    <a class="popup_link" onfocus='this.blur();' href="javascript:showTestDetail('div_ft4.2')" >
        错误</a>
    <div id='div_ft4.2' class="popup_window">
        <pre>
        ft4.2: Traceback (most recent call last):
  File "D:\27\UnittestTest\case\test_04_admin_login.py", line 19, in setUp
    self.admin_login_page.open_url()
  File "d:\27\UnittestTest\po\AdminLoginPage.py", line 22, in open_url
    self.driver.get(self.nagviurl)
  File "C:\Users\jssy\AppData\Local\Programs\Python\Python38\lib\site-packages\selenium\webdriver\remote\webdriver.py", line 333, in get
    self.execute(Command.GET, {'url': url})
  File "C:\Users\jssy\AppData\Local\Programs\Python\Python38\lib\site-packages\selenium\webdriver\remote\webdriver.py", line 321, in execute
    self.error_handler.check_response(response)
  File "C:\Users\jssy\AppData\Local\Programs\Python\Python38\lib\site-packages\selenium\webdriver\remote\errorhandler.py", line 242, in check_response
    raise exception_class(message, screen, stacktrace)
selenium.common.exceptions.WebDriverException: Message: chrome not reachable
  (Session info: chrome=88.0.4324.182)


        </pre>
    </div>
    <!--css div popup end-->
    </td>
</tr>

        <tr id='total_row'>
            <td>总计</td>
            <td>7</td>
            <td>2</td>
            <td>0</td>
            <td>5</td>
            <td>&nbsp;</td>
        </tr>
    </table>

        <div id='ending'>&nbsp;</div>
        
    <script type="text/javascript">
        // 基于准备好的dom，初始化echarts实例
        var myChart = echarts.init(document.getElementById('chart'));
        // 指定图表的配置项和数据
        var option = {
            title : {
                text: '测试执行情况',
                x:'center'
            },
            tooltip : {
                trigger: 'item',
                formatter: "{a} <br/>{b} : {c} ({d}%)"
            },
            color: ['#57ff57', '#fbbd00', '#ff0000'],
            legend: {
                orient: 'vertical',
                left: 'left',
                data: ['通过','失败','错误']
            },
            series : [
                {
                    name: '测试执行情况',
                    type: 'pie',
                    radius : '60%',
                    center: ['50%', '60%'],
                    data:[
                        {value:2, name:'通过'},
                        {value:0, name:'失败'},
                        {value:5, name:'错误'}
                    ],
                    itemStyle: {
                        emphasis: {
                            shadowBlur: 10,
                            shadowOffsetX: 0,
                            shadowColor: 'rgba(0, 0, 0, 0.5)'
                        }
                    }
                }
            ]
        };
        // 使用刚指定的配置项和数据显示图表。
        myChart.setOption(option);
    </script>
    
    </div>
</body>
</html>
